#
# A fatal error has been detected by the Java Runtime Environment:
#
#  SIGILL (0x4) at pc=0x00007fff8958bb1f, pid=4208, tid=2571
#
# JRE version: Java(TM) SE Runtime Environment (8.0_60-b27) (build 1.8.0_60-b27)
# Java VM: Java HotSpot(TM) 64-Bit Server VM (25.60-b23 mixed mode bsd-amd64 compressed oops)
# Problematic frame:
# C  [libobjc.A.dylib+0x18b1f]  _ZL10_objc_trapv+0x0
#
# Failed to write core dump. Core dumps have been disabled. To enable core dumping, try "ulimit -c unlimited" before starting Java again
#
# If you would like to submit a bug report, please visit:
#   http://bugreport.java.com/bugreport/crash.jsp
# The crash happened outside the Java Virtual Machine in native code.
# See problematic frame for where to report the bug.
#

---------------  T H R E A D  ---------------

Current thread (0x00007f851c0d3000):  JavaThread "AppKit Thread" daemon [_thread_in_native, id=2571, stack(0x00007fff56d66000,0x00007fff57566000)]

siginfo: si_signo: 4 (SIGILL), si_code: 1 (ILL_ILLOPC), si_addr: 0x00007fff8958bb1f

Registers:
RAX=0x0000000000000000, RBX=0x00007f851a7230b0, RCX=0x0000000000000000, RDX=0x00007fff72995c30
RSP=0x00007fff57560e58, RBP=0x00007fff57560f40, RSI=0x0000010000000100, RDI=0x00007fff72995c10
R8 =0x00000000fffffffc, R9 =0x00007fff72995c28, R10=0x00000000ffffffff, R11=0xfffffffffd85bb00
R12=0x0000000000000001, R13=0x0000000000000000, R14=0x00007fff7299a828, R15=0x00007f851a5b5f38
RIP=0x00007fff8958bb1f, EFLAGS=0x0000000000010202, ERR=0x0000000000000000
  TRAPNO=0x0000000000000006

Top of Stack: (sp=0x00007fff57560e58)
0x00007fff57560e58:   00007fff8958bc5f 0000000000000000
0x00007fff57560e68:   00007f851a7230b0 00007fff8f52b64d
0x00007fff57560e78:   00007fff8f52b64d 000000000000005f
0x00007fff57560e88:   00007f851a7230b0 00007fff57560ec0
0x00007fff57560e98:   00007fff8957d69f 00007fff57560f00
0x00007fff57560ea8:   00007fff89580595 00007fff7299a810
0x00007fff57560eb8:   0000000000000001 00007fff57560f20
0x00007fff57560ec8:   00007f851a5b5f38 00007fff57560f00
0x00007fff57560ed8:   00007fff8f52b64d 00007fff8f52b64d
0x00007fff57560ee8:   0000000000000000 00007fff73fa3ae0
0x00007fff57560ef8:   00007f851a5b5f38 00007fff57560f40
0x00007fff57560f08:   00007fff89580500 00007f851cd1bc00
0x00007fff57560f18:   00007f851a5775d0 0000003000000018
0x00007fff57560f28:   00007fff57560f50 00007fff57560e60
0x00007fff57560f38:   00007f851a5b5f38 00007fff57560fa0
0x00007fff57560f48:   00007fff8957fda4 00007fff72999e80
0x00007fff57560f58:   00007fff7299a580 00007fff57560fe0
0x00007fff57560f68:   00007fff8957fb7e 00007fff8f41fa85
0x00007fff57560f78:   00007fff72999e80 00007f851a5b5f38
0x00007fff57560f88:   0000000000000000 00007fff7299a800
0x00007fff57560f98:   0000000000000000 00007fff57561020
0x00007fff57560fa8:   00007fff8957faf6 ffff807ae598d660
0x00007fff57560fb8:   00007f851a5b7b30 0000000000000980
0x00007fff57560fc8:   0000000000000000 0000000000000000
0x00007fff57560fd8:   0000000000000000 00007f851a7230b0
0x00007fff57560fe8:   0000000000000013 0000000000000003
0x00007fff57560ff8:   00007f851a6729a0 0000000000000000
0x00007fff57561008:   00007f851a6490f0 00007f851a5b7b30
0x00007fff57561018:   00007f851a7230b0 00007fff57561060
0x00007fff57561028:   00007fff958f38f3 00007f851a6729a0
0x00007fff57561038:   0000000000000000 00007f851a7230b0
0x00007fff57561048:   00007fff8957ae40 00007f851a6729a0 

Instructions: (pc=0x00007fff8958bb1f)
0x00007fff8958baff:   df e8 f9 a2 00 00 bf 02 00 00 00 48 89 de 48 89
0x00007fff8958bb0f:   c2 e8 49 a3 00 00 48 81 c4 98 00 00 00 5b 5d c3
0x00007fff8958bb1f:   0f 0b 55 48 89 e5 48 81 ec d0 00 00 00 84 c0 74
0x00007fff8958bb2f:   26 0f 29 85 60 ff ff ff 0f 29 8d 70 ff ff ff 0f 

Register to memory mapping:

RAX=0x0000000000000000 is an unknown value
RBX=0x00007f851a7230b0 is an unknown value
RCX=0x0000000000000000 is an unknown value
RDX=0x00007fff72995c30: _ZZL14_objc_crashlogPKcE13crashlog_lock+0x20 in /usr/lib/libobjc.A.dylib at 0x00007fff89573000
RSP=0x00007fff57560e58 is pointing into the stack for thread: 0x00007f851c0d3000
RBP=0x00007fff57560f40 is pointing into the stack for thread: 0x00007f851c0d3000
RSI=0x0000010000000100 is an unknown value
RDI=0x00007fff72995c10: _ZZL14_objc_crashlogPKcE13crashlog_lock+0 in /usr/lib/libobjc.A.dylib at 0x00007fff89573000
R8 =0x00000000fffffffc is an unknown value
R9 =0x00007fff72995c28: _ZZL14_objc_crashlogPKcE13crashlog_lock+0x18 in /usr/lib/libobjc.A.dylib at 0x00007fff89573000
R10=0x00000000ffffffff is an unknown value
R11=0xfffffffffd85bb00 is an unknown value
R12=0x0000000000000001 is an unknown value
R13=0x0000000000000000 is an unknown value
R14=0x00007fff7299a828: _ZN12_GLOBAL__N_1L12SideTableBufE+0x9a8 in /usr/lib/libobjc.A.dylib at 0x00007fff89573000
R15=0x00007f851a5b5f38 is an unknown value


Stack: [0x00007fff56d66000,0x00007fff57566000],  sp=0x00007fff57560e58,  free space=8171k
Native frames: (J=compiled Java code, j=interpreted, Vv=VM code, C=native code)
C  [libobjc.A.dylib+0x18b1f]  _ZL10_objc_trapv+0x0
C  [libobjc.A.dylib+0xcda4]  weak_register_no_lock+0xde
C  [libobjc.A.dylib+0xcaf6]  objc_storeWeak+0x18b
C  [Foundation+0x198f3]  -[NSConcreteMapTable setObject:forKey:]+0x6e
C  [AppKit+0x347c8a]  -[NSView(NSOpenGLContextAssociation) _setOpenGLContext:]+0xf2
C  [AppKit+0x681649]  __27-[NSOpenGLContext setView:]_block_invoke+0xd6
C  [AppKit+0x183f05]  NSPerformVisuallyAtomicChange+0x93
C  [AppKit+0x34792d]  -[NSOpenGLContext setView:]+0x77
C  [liblwjgl.dylib+0xa586]  -[MacOSXOpenGLView lockFocus]+0x76
C  [AppKit+0x1a967f]  -[NSView _recursiveDisplayRectIfNeededIgnoringOpacity:isVisibleRect:rectIsVisibleRectForView:topView:]+0x6e2
C  [AppKit+0x1aa66d]  -[NSView _recursiveDisplayRectIfNeededIgnoringOpacity:isVisibleRect:rectIsVisibleRectForView:topView:]+0x16d0
C  [AppKit+0x1a8ac8]  -[NSThemeFrame _recursiveDisplayRectIfNeededIgnoringOpacity:isVisibleRect:rectIsVisibleRectForView:topView:]+0x14e
C  [AppKit+0x1a6ed3]  -[NSView _displayRectIgnoringOpacity:isVisibleRect:rectIsVisibleRectForView:]+0x991
C  [AppKit+0x1a22e1]  -[NSView displayIfNeeded]+0x79e
C  [AppKit+0x1a1b28]  -[NSWindow displayIfNeeded]+0xe8
C  [AppKit+0x8200be]  ___NSWindowGetDisplayCycleObserver_block_invoke6323+0x1dc
C  [AppKit+0x1a14c3]  __37+[NSDisplayCycle currentDisplayCycle]_block_invoke+0x2e2
C  [QuartzCore+0x117d1]  _ZN2CA11Transaction19run_commit_handlersE18CATransactionPhase+0x55
C  [QuartzCore+0x10c8c]  _ZN2CA7Context18commit_transactionEPNS_11TransactionE+0xa0
C  [QuartzCore+0x1094c]  _ZN2CA11Transaction6commitEv+0x1fc
C  [QuartzCore+0x1c13b]  _ZN2CA11Transaction17observer_callbackEP19__CFRunLoopObservermPv+0x47
C  [CoreFoundation+0xaa097]  __CFRUNLOOP_IS_CALLING_OUT_TO_AN_OBSERVER_CALLBACK_FUNCTION__+0x17
C  [CoreFoundation+0xaa007]  __CFRunLoopDoObservers+0x187
C  [CoreFoundation+0x88fe8]  CFRunLoopRunSpecific+0x148
C  [HIToolbox+0x30d55]  RunCurrentEventLoopInMode+0xeb
C  [HIToolbox+0x30a97]  ReceiveNextEventCommon+0xb8
C  [HIToolbox+0x309cf]  _BlockUntilNextEventMatchingListInModeWithFilter+0x47
C  [AppKit+0x49d96]  _DPSNextEvent+0x42b
C  [AppKit+0x491c5]  -[NSApplication _nextEventMatchingEventMask:untilDate:inMode:dequeue:]+0x1c6
C  [libosxapp.dylib+0x23aa]  -[NSApplicationAWT nextEventMatchingMask:untilDate:inMode:dequeue:]+0x7c
C  [AppKit+0x3dd28]  -[NSApplication run]+0x2aa
C  [libosxapp.dylib+0x214d]  +[NSApplicationAWT runAWTLoopWithApp:]+0x9c
C  [libawt_lwawt.dylib+0x44517]  -[AWTStarter starter:]+0x389
C  [Foundation+0x7741e]  __NSThreadPerformPerform+0x117
C  [CoreFoundation+0xaa8b1]  __CFRUNLOOP_IS_CALLING_OUT_TO_A_SOURCE0_PERFORM_FUNCTION__+0x11
C  [CoreFoundation+0x8a0ac]  __CFRunLoopDoSources0+0x22c
C  [CoreFoundation+0x895cf]  __CFRunLoopRun+0x39f
C  [CoreFoundation+0x88fc8]  CFRunLoopRunSpecific+0x128
C  [java+0x6463]  CreateExecutionEnvironment+0x367
C  [java+0x21ac]  JLI_Launch+0x7a0
C  [java+0x84c0]  main+0x65
C  [java+0x1a04]  start+0x34
C  0x0000000000000006


---------------  P R O C E S S  ---------------

Java Threads: ( => current thread )
  0x00007f851b948800 JavaThread "AWT-Shutdown" [_thread_blocked, id=57895, stack(0x000070000114d000,0x000070000124d000)]
  0x00007f851b1da000 JavaThread "Java2D Queue Flusher" daemon [_thread_blocked, id=58887, stack(0x00007000014dc000,0x00007000015dc000)]
  0x00007f851c27b800 JavaThread "Java2D Disposer" daemon [_thread_blocked, id=53275, stack(0x00007000013d9000,0x00007000014d9000)]
=>0x00007f851c0d3000 JavaThread "AppKit Thread" daemon [_thread_in_native, id=2571, stack(0x00007fff56d66000,0x00007fff57566000)]
  0x00007f851c03f800 JavaThread "Thread-0" [_thread_in_native, id=19715, stack(0x000070000104a000,0x000070000114a000)]
  0x00007f851b037800 JavaThread "Service Thread" daemon [_thread_blocked, id=18691, stack(0x0000700000e44000,0x0000700000f44000)]
  0x00007f851b007800 JavaThread "C1 CompilerThread2" daemon [_thread_blocked, id=18179, stack(0x0000700000d41000,0x0000700000e41000)]
  0x00007f851a837800 JavaThread "C2 CompilerThread1" daemon [_thread_blocked, id=17667, stack(0x0000700000c3e000,0x0000700000d3e000)]
  0x00007f851a836000 JavaThread "C2 CompilerThread0" daemon [_thread_blocked, id=17155, stack(0x0000700000b3b000,0x0000700000c3b000)]
  0x00007f851a842800 JavaThread "Signal Dispatcher" daemon [_thread_blocked, id=12815, stack(0x0000700000a38000,0x0000700000b38000)]
  0x00007f851c02d000 JavaThread "Finalizer" daemon [_thread_blocked, id=12291, stack(0x000070000082f000,0x000070000092f000)]
  0x00007f851c02c800 JavaThread "Reference Handler" daemon [_thread_blocked, id=11779, stack(0x000070000072c000,0x000070000082c000)]
  0x00007f851b00a800 JavaThread "main" [_thread_in_native, id=5891, stack(0x000070000011a000,0x000070000021a000)]

Other Threads:
  0x00007f851c029800 VMThread [stack: 0x0000700000629000,0x0000700000729000] [id=11267]
  0x00007f851a831000 WatcherThread [stack: 0x0000700000f47000,0x0000700001047000] [id=19203]

VM state:not at safepoint (normal execution)

VM Mutex/Monitor currently owned by a thread: None

Heap:
 PSYoungGen      total 290304K, used 261757K [0x0000000795580000, 0x00000007a8980000, 0x00000007c0000000)
  eden space 266240K, 98% used [0x0000000795580000,0x00000007a54e7720,0x00000007a5980000)
  from space 24064K, 0% used [0x00000007a7200000,0x00000007a7238000,0x00000007a8980000)
  to   space 24576K, 0% used [0x00000007a5980000,0x00000007a5980000,0x00000007a7180000)
 ParOldGen       total 87552K, used 39009K [0x0000000740000000, 0x0000000745580000, 0x0000000795580000)
  object space 87552K, 44% used [0x0000000740000000,0x00000007426185d0,0x0000000745580000)
 Metaspace       used 10163K, capacity 10293K, committed 10368K, reserved 1058816K
  class space    used 1067K, capacity 1119K, committed 1152K, reserved 1048576K

Card table byte_map: [0x0000000119549000,0x000000011994a000] byte_map_base: 0x0000000115b49000

Marking Bits: (ParMarkBitMap*) 0x0000000109adee20
 Begin Bits: [0x0000000119bf5000, 0x000000011bbf5000)
 End Bits:   [0x000000011bbf5000, 0x000000011dbf5000)

Polling page: 0x000000010895d000

CodeCache: size=245760Kb used=4861Kb max_used=4869Kb free=240899Kb
 bounds [0x000000010a189000, 0x000000010a659000, 0x0000000119189000]
 total_blobs=1797 nmethods=1280 adapters=431
 compilation: enabled

Compilation events (10 events):
Event: 31.742 Thread 0x00007f851a836000 nmethod 1276 0x000000010a632f50 code [0x000000010a6330a0, 0x000000010a6332f8]
Event: 31.742 Thread 0x00007f851a836000 1277       4       org.newdawn.slick.GameContainer::updateFPS (48 bytes)
Event: 31.743 Thread 0x00007f851a836000 nmethod 1277 0x000000010a632c50 code [0x000000010a632da0, 0x000000010a632e98]
Event: 31.745 Thread 0x00007f851a836000 1278       4       org.newdawn.slick.Music::poll (54 bytes)
Event: 31.746 Thread 0x00007f851a836000 nmethod 1278 0x000000010a62fb90 code [0x000000010a62fce0, 0x000000010a62fd58]
Event: 31.746 Thread 0x00007f851a836000 1280       4       org.newdawn.slick.Graphics::setAntiAlias (52 bytes)
Event: 31.748 Thread 0x00007f851a837800 nmethod 1275 0x000000010a63d7d0 code [0x000000010a63d980, 0x000000010a63e1a8]
Event: 31.749 Thread 0x00007f851a837800 1279       4       org.newdawn.slick.Graphics::resetLineWidth (36 bytes)
Event: 31.751 Thread 0x00007f851a836000 nmethod 1280 0x000000010a634290 code [0x000000010a634440, 0x000000010a634798]
Event: 31.754 Thread 0x00007f851a837800 nmethod 1279 0x000000010a635490 code [0x000000010a635680, 0x000000010a635aa8]

GC Heap History (10 events):
Event: 1.868 GC heap before
{Heap before GC invocations=4 (full 0):
 PSYoungGen      total 38400K, used 35998K [0x0000000795580000, 0x000000079a080000, 0x00000007c0000000)
  eden space 33280K, 100% used [0x0000000795580000,0x0000000797600000,0x0000000797600000)
  from space 5120K, 53% used [0x0000000797600000,0x00000007978a79c0,0x0000000797b00000)
  to   space 5120K, 0% used [0x0000000799b80000,0x0000000799b80000,0x000000079a080000)
 ParOldGen       total 87552K, used 35407K [0x0000000740000000, 0x0000000745580000, 0x0000000795580000)
  object space 87552K, 40% used [0x0000000740000000,0x0000000742293d90,0x0000000745580000)
 Metaspace       used 9848K, capacity 10037K, committed 10112K, reserved 1058816K
  class space    used 1056K, capacity 1119K, committed 1152K, reserved 1048576K
Event: 1.872 GC heap after
Heap after GC invocations=4 (full 0):
 PSYoungGen      total 71680K, used 4734K [0x0000000795580000, 0x000000079a080000, 0x00000007c0000000)
  eden space 66560K, 0% used [0x0000000795580000,0x0000000795580000,0x0000000799680000)
  from space 5120K, 92% used [0x0000000799b80000,0x000000079a01fbf0,0x000000079a080000)
  to   space 5120K, 0% used [0x0000000799680000,0x0000000799680000,0x0000000799b80000)
 ParOldGen       total 87552K, used 35407K [0x0000000740000000, 0x0000000745580000, 0x0000000795580000)
  object space 87552K, 40% used [0x0000000740000000,0x0000000742293d90,0x0000000745580000)
 Metaspace       used 9848K, capacity 10037K, committed 10112K, reserved 1058816K
  class space    used 1056K, capacity 1119K, committed 1152K, reserved 1048576K
}
Event: 2.298 GC heap before
{Heap before GC invocations=5 (full 0):
 PSYoungGen      total 71680K, used 71294K [0x0000000795580000, 0x000000079a080000, 0x00000007c0000000)
  eden space 66560K, 100% used [0x0000000795580000,0x0000000799680000,0x0000000799680000)
  from space 5120K, 92% used [0x0000000799b80000,0x000000079a01fbf0,0x000000079a080000)
  to   space 5120K, 0% used [0x0000000799680000,0x0000000799680000,0x0000000799b80000)
 ParOldGen       total 87552K, used 35407K [0x0000000740000000, 0x0000000745580000, 0x0000000795580000)
  object space 87552K, 40% used [0x0000000740000000,0x0000000742293d90,0x0000000745580000)
 Metaspace       used 9856K, capacity 10037K, committed 10112K, reserved 1058816K
  class space    used 1056K, capacity 1119K, committed 1152K, reserved 1048576K
Event: 2.303 GC heap after
Heap after GC invocations=5 (full 0):
 PSYoungGen      total 71680K, used 4798K [0x0000000795580000, 0x00000007a0d80000, 0x00000007c0000000)
  eden space 66560K, 0% used [0x0000000795580000,0x0000000795580000,0x0000000799680000)
  from space 5120K, 93% used [0x0000000799680000,0x0000000799b2fbf0,0x0000000799b80000)
  to   space 27648K, 0% used [0x000000079f280000,0x000000079f280000,0x00000007a0d80000)
 ParOldGen       total 87552K, used 36943K [0x0000000740000000, 0x0000000745580000, 0x0000000795580000)
  object space 87552K, 42% used [0x0000000740000000,0x0000000742413db0,0x0000000745580000)
 Metaspace       used 9856K, capacity 10037K, committed 10112K, reserved 1058816K
  class space    used 1056K, capacity 1119K, committed 1152K, reserved 1048576K
}
Event: 2.706 GC heap before
{Heap before GC invocations=6 (full 0):
 PSYoungGen      total 71680K, used 71358K [0x0000000795580000, 0x00000007a0d80000, 0x00000007c0000000)
  eden space 66560K, 100% used [0x0000000795580000,0x0000000799680000,0x0000000799680000)
  from space 5120K, 93% used [0x0000000799680000,0x0000000799b2fbf0,0x0000000799b80000)
  to   space 27648K, 0% used [0x000000079f280000,0x000000079f280000,0x00000007a0d80000)
 ParOldGen       total 87552K, used 36943K [0x0000000740000000, 0x0000000745580000, 0x0000000795580000)
  object space 87552K, 42% used [0x0000000740000000,0x0000000742413db0,0x0000000745580000)
 Metaspace       used 9863K, capacity 10037K, committed 10112K, reserved 1058816K
  class space    used 1056K, capacity 1119K, committed 1152K, reserved 1048576K
Event: 2.712 GC heap after
Heap after GC invocations=6 (full 0):
 PSYoungGen      total 156672K, used 6335K [0x0000000795580000, 0x00000007a0980000, 0x00000007c0000000)
  eden space 133120K, 0% used [0x0000000795580000,0x0000000795580000,0x000000079d780000)
  from space 23552K, 26% used [0x000000079f280000,0x000000079f8afc10,0x00000007a0980000)
  to   space 25600K, 0% used [0x000000079d780000,0x000000079d780000,0x000000079f080000)
 ParOldGen       total 87552K, used 36951K [0x0000000740000000, 0x0000000745580000, 0x0000000795580000)
  object space 87552K, 42% used [0x0000000740000000,0x0000000742415db0,0x0000000745580000)
 Metaspace       used 9863K, capacity 10037K, committed 10112K, reserved 1058816K
  class space    used 1056K, capacity 1119K, committed 1152K, reserved 1048576K
}
Event: 3.512 GC heap before
{Heap before GC invocations=7 (full 0):
 PSYoungGen      total 156672K, used 139455K [0x0000000795580000, 0x00000007a0980000, 0x00000007c0000000)
  eden space 133120K, 100% used [0x0000000795580000,0x000000079d780000,0x000000079d780000)
  from space 23552K, 26% used [0x000000079f280000,0x000000079f8afc10,0x00000007a0980000)
  to   space 25600K, 0% used [0x000000079d780000,0x000000079d780000,0x000000079f080000)
 ParOldGen       total 87552K, used 36951K [0x0000000740000000, 0x0000000745580000, 0x0000000795580000)
  object space 87552K, 42% used [0x0000000740000000,0x0000000742415db0,0x0000000745580000)
 Metaspace       used 9909K, capacity 10037K, committed 10112K, reserved 1058816K
  class space    used 1059K, capacity 1119K, committed 1152K, reserved 1048576K
Event: 3.516 GC heap after
Heap after GC invocations=7 (full 0):
 PSYoungGen      total 158720K, used 876K [0x0000000795580000, 0x00000007a8a80000, 0x00000007c0000000)
  eden space 133120K, 0% used [0x0000000795580000,0x0000000795580000,0x000000079d780000)
  from space 25600K, 3% used [0x000000079d780000,0x000000079d85b0d0,0x000000079f080000)
  to   space 25088K, 0% used [0x00000007a7200000,0x00000007a7200000,0x00000007a8a80000)
 ParOldGen       total 87552K, used 38969K [0x0000000740000000, 0x0000000745580000, 0x0000000795580000)
  object space 87552K, 44% used [0x0000000740000000,0x000000074260e5d0,0x0000000745580000)
 Metaspace       used 9909K, capacity 10037K, committed 10112K, reserved 1058816K
  class space    used 1059K, capacity 1119K, committed 1152K, reserved 1048576K
}
Event: 11.881 GC heap before
{Heap before GC invocations=8 (full 0):
 PSYoungGen      total 158720K, used 133996K [0x0000000795580000, 0x00000007a8a80000, 0x00000007c0000000)
  eden space 133120K, 100% used [0x0000000795580000,0x000000079d780000,0x000000079d780000)
  from space 25600K, 3% used [0x000000079d780000,0x000000079d85b0d0,0x000000079f080000)
  to   space 25088K, 0% used [0x00000007a7200000,0x00000007a7200000,0x00000007a8a80000)
 ParOldGen       total 87552K, used 38969K [0x0000000740000000, 0x0000000745580000, 0x0000000795580000)
  object space 87552K, 44% used [0x0000000740000000,0x000000074260e5d0,0x0000000745580000)
 Metaspace       used 10144K, capacity 10293K, committed 10368K, reserved 1058816K
  class space    used 1067K, capacity 1119K, committed 1152K, reserved 1048576K
Event: 11.883 GC heap after
Heap after GC invocations=8 (full 0):
 PSYoungGen      total 290304K, used 224K [0x0000000795580000, 0x00000007a8980000, 0x00000007c0000000)
  eden space 266240K, 0% used [0x0000000795580000,0x0000000795580000,0x00000007a5980000)
  from space 24064K, 0% used [0x00000007a7200000,0x00000007a7238000,0x00000007a8980000)
  to   space 24576K, 0% used [0x00000007a5980000,0x00000007a5980000,0x00000007a7180000)
 ParOldGen       total 87552K, used 39009K [0x0000000740000000, 0x0000000745580000, 0x0000000795580000)
  object space 87552K, 44% used [0x0000000740000000,0x00000007426185d0,0x0000000745580000)
 Metaspace       used 10144K, capacity 10293K, committed 10368K, reserved 1058816K
  class space    used 1067K, capacity 1119K, committed 1152K, reserved 1048576K
}

Deoptimization events (10 events):
Event: 0.914 Thread 0x00007f851b00a800 Uncommon trap: reason=class_check action=maybe_recompile pc=0x000000010a3d93bc method=java.util.HashMap.putVal(ILjava/lang/Object;Ljava/lang/Object;ZZ)Ljava/lang/Object; @ 253
Event: 0.914 Thread 0x00007f851b00a800 Uncommon trap: reason=class_check action=maybe_recompile pc=0x000000010a3d93bc method=java.util.HashMap.putVal(ILjava/lang/Object;Ljava/lang/Object;ZZ)Ljava/lang/Object; @ 253
Event: 0.914 Thread 0x00007f851b00a800 Uncommon trap: reason=class_check action=maybe_recompile pc=0x000000010a3d93bc method=java.util.HashMap.putVal(ILjava/lang/Object;Ljava/lang/Object;ZZ)Ljava/lang/Object; @ 253
Event: 1.418 Thread 0x00007f851b00a800 Uncommon trap: reason=unstable_if action=reinterpret pc=0x000000010a481ad0 method=java.awt.image.ComponentColorModel.getDataElements(ILjava/lang/Object;)Ljava/lang/Object; @ 2993
Event: 1.418 Thread 0x00007f851b00a800 Uncommon trap: reason=unstable_if action=reinterpret pc=0x000000010a461c2c method=sun.awt.image.ByteInterleavedRaster.getDataElements(IILjava/lang/Object;)Ljava/lang/Object; @ 43
Event: 1.427 Thread 0x00007f851b00a800 Uncommon trap: reason=null_check action=make_not_entrant pc=0x000000010a4440fc method=sun.java2d.cmm.lcms.LCMSProfile$TagCache.getTag(I)Lsun/java2d/cmm/lcms/LCMSProfile$TagData; @ 11
Event: 1.427 Thread 0x00007f851b00a800 Uncommon trap: reason=null_check action=make_not_entrant pc=0x000000010a43d8f0 method=sun.java2d.cmm.lcms.LCMSProfile$TagCache.getTag(I)Lsun/java2d/cmm/lcms/LCMSProfile$TagData; @ 11
Event: 1.427 Thread 0x00007f851b00a800 Uncommon trap: reason=null_check action=make_not_entrant pc=0x000000010a43a8b4 method=sun.java2d.cmm.lcms.LCMSProfile$TagCache.getTag(I)Lsun/java2d/cmm/lcms/LCMSProfile$TagData; @ 11
Event: 1.427 Thread 0x00007f851b00a800 Uncommon trap: reason=unstable_if action=reinterpret pc=0x000000010a44d6ec method=sun.java2d.cmm.lcms.LCMSTransform.doTransform(Lsun/java2d/cmm/lcms/LCMSImageLayout;Lsun/java2d/cmm/lcms/LCMSImageLayout;)V @ 6
Event: 32.841 Thread 0x00007f851b00a800 Uncommon trap: reason=unstable_if action=reinterpret pc=0x000000010a63e120 method=org.newdawn.slick.AppGameContainer.gameLoop()V @ 60

Internal exceptions (10 events):
Event: 0.176 Thread 0x00007f851b00a800 Exception <a 'java/security/PrivilegedActionException'> (0x0000000795989ef8) thrown at [/Users/java_re/workspace/8-2-build-macosx-x86_64/jdk8u60/4407/hotspot/src/share/vm/prims/jvm.cpp, line 1386]
Event: 0.224 Thread 0x00007f851b00a800 Exception <a 'java/lang/NoSuchFieldError': method resolution failed> (0x0000000795a57258) thrown at [/Users/java_re/workspace/8-2-build-macosx-x86_64/jdk8u60/4407/hotspot/src/share/vm/prims/methodHandles.cpp, line 1146]
Event: 0.226 Thread 0x00007f851b00a800 Exception <a 'java/lang/NoSuchFieldError': method resolution failed> (0x0000000795a649a8) thrown at [/Users/java_re/workspace/8-2-build-macosx-x86_64/jdk8u60/4407/hotspot/src/share/vm/prims/methodHandles.cpp, line 1146]
Event: 0.372 Thread 0x00007f851b00a800 Exception <a 'java/io/FileNotFoundException'> (0x0000000795ae0720) thrown at [/Users/java_re/workspace/8-2-build-macosx-x86_64/jdk8u60/4407/hotspot/src/share/vm/prims/jni.cpp, line 709]
Event: 0.372 Thread 0x00007f851b00a800 Exception <a 'java/io/FileNotFoundException'> (0x0000000795ae1260) thrown at [/Users/java_re/workspace/8-2-build-macosx-x86_64/jdk8u60/4407/hotspot/src/share/vm/prims/jni.cpp, line 709]
Event: 1.418 Thread 0x00007f851b00a800 Implicit null exception at 0x000000010a4814e6 to 0x000000010a481ab5
Event: 1.418 Thread 0x00007f851b00a800 Implicit null exception at 0x000000010a4619e4 to 0x000000010a461c11
Event: 1.427 Thread 0x00007f851b00a800 Implicit null exception at 0x000000010a4434d9 to 0x000000010a4440e2
Event: 1.427 Thread 0x00007f851b00a800 Implicit null exception at 0x000000010a43d4f1 to 0x000000010a43d8d5
Event: 1.427 Thread 0x00007f851b00a800 Implicit null exception at 0x000000010a43a66a to 0x000000010a43a8a5

Events (10 events):
Event: 5.222 Thread 0x00007f851b948800 Thread added: 0x00007f851b948800
Event: 11.881 Executing VM operation: ParallelGCFailedAllocation
Event: 11.883 Executing VM operation: ParallelGCFailedAllocation done
Event: 21.189 Executing VM operation: RevokeBias
Event: 21.189 Executing VM operation: RevokeBias done
Event: 21.189 Thread 0x00007f851b948800 Thread exited: 0x00007f851b948800
Event: 21.873 Thread 0x00007f851b948800 Thread added: 0x00007f851b948800
Event: 32.841 Thread 0x00007f851b00a800 Uncommon trap: trap_request=0xffffff65 fr.pc=0x000000010a63e120
Event: 32.841 Thread 0x00007f851b00a800 DEOPT PACKING pc=0x000000010a63e120 sp=0x0000700000219830
Event: 32.841 Thread 0x00007f851b00a800 DEOPT UNPACKING pc=0x000000010a18e229 sp=0x00007000002197f8 mode 2


Dynamic libraries:
0x00000000019aa000 	/System/Library/Frameworks/Cocoa.framework/Versions/A/Cocoa
0x00000000019aa000 	/System/Library/Frameworks/Security.framework/Versions/A/Security
0x00000000019aa000 	/System/Library/Frameworks/ApplicationServices.framework/Versions/A/ApplicationServices
0x00000000019aa000 	/usr/lib/libz.1.dylib
0x00000000019aa000 	/usr/lib/libSystem.B.dylib
0x00000000019aa000 	/usr/lib/libobjc.A.dylib
0x00000000019aa000 	/System/Library/Frameworks/CoreFoundation.framework/Versions/A/CoreFoundation
0x00000000019aa000 	/System/Library/Frameworks/Foundation.framework/Versions/C/Foundation
0x00000000019aa000 	/System/Library/Frameworks/AppKit.framework/Versions/C/AppKit
0x00000000019aa000 	/System/Library/Frameworks/CoreData.framework/Versions/A/CoreData
0x00000000019aa000 	/System/Library/PrivateFrameworks/RemoteViewServices.framework/Versions/A/RemoteViewServices
0x00000000019aa000 	/System/Library/PrivateFrameworks/UIFoundation.framework/Versions/A/UIFoundation
0x00000000019aa000 	/usr/lib/libScreenReader.dylib
0x00000000019aa000 	/System/Library/Frameworks/Accelerate.framework/Versions/A/Accelerate
0x00000000019aa000 	/System/Library/Frameworks/IOSurface.framework/Versions/A/IOSurface
0x00000000019aa000 	/System/Library/Frameworks/AudioToolbox.framework/Versions/A/AudioToolbox
0x00000000019aa000 	/System/Library/Frameworks/AudioUnit.framework/Versions/A/AudioUnit
0x00000000019aa000 	/System/Library/PrivateFrameworks/DataDetectorsCore.framework/Versions/A/DataDetectorsCore
0x00000000019aa000 	/System/Library/PrivateFrameworks/DesktopServicesPriv.framework/Versions/A/DesktopServicesPriv
0x00000000019aa000 	/System/Library/Frameworks/Carbon.framework/Versions/A/Frameworks/HIToolbox.framework/Versions/A/HIToolbox
0x00000000019aa000 	/System/Library/Frameworks/QuartzCore.framework/Versions/A/QuartzCore
0x00000000019aa000 	/System/Library/Frameworks/Carbon.framework/Versions/A/Frameworks/SpeechRecognition.framework/Versions/A/SpeechRecognition
0x00000000019aa000 	/usr/lib/libauto.dylib
0x00000000019aa000 	/usr/lib/libicucore.A.dylib
0x00000000019aa000 	/usr/lib/libxml2.2.dylib
0x00000000019aa000 	/System/Library/PrivateFrameworks/CoreUI.framework/Versions/A/CoreUI
0x00000000019aa000 	/System/Library/Frameworks/CoreAudio.framework/Versions/A/CoreAudio
0x00000000019aa000 	/System/Library/Frameworks/DiskArbitration.framework/Versions/A/DiskArbitration
0x00000000019aa000 	/usr/lib/liblangid.dylib
0x00000000019aa000 	/System/Library/PrivateFrameworks/MultitouchSupport.framework/Versions/A/MultitouchSupport
0x00000000019aa000 	/System/Library/Frameworks/IOKit.framework/Versions/A/IOKit
0x00000000019aa000 	/usr/lib/libDiagnosticMessagesClient.dylib
0x00000000019aa000 	/System/Library/Frameworks/CoreServices.framework/Versions/A/CoreServices
0x00000000019aa000 	/System/Library/PrivateFrameworks/PerformanceAnalysis.framework/Versions/A/PerformanceAnalysis
0x00000000019aa000 	/System/Library/PrivateFrameworks/GenerationalStorage.framework/Versions/A/GenerationalStorage
0x00000000019aa000 	/System/Library/Frameworks/OpenGL.framework/Versions/A/OpenGL
0x00000000019aa000 	/System/Library/PrivateFrameworks/Sharing.framework/Versions/A/Sharing
0x00000000019aa000 	/System/Library/Frameworks/CoreGraphics.framework/Versions/A/CoreGraphics
0x00000000019aa000 	/System/Library/Frameworks/CoreImage.framework/Versions/A/CoreImage
0x00000000019aa000 	/System/Library/Frameworks/CoreText.framework/Versions/A/CoreText
0x00000000019aa000 	/System/Library/Frameworks/ImageIO.framework/Versions/A/ImageIO
0x00000000019aa000 	/System/Library/PrivateFrameworks/Backup.framework/Versions/A/Backup
0x00000000019aa000 	/usr/lib/libextension.dylib
0x00000000019aa000 	/usr/lib/libarchive.2.dylib
0x00000000019aa000 	/System/Library/Frameworks/CFNetwork.framework/Versions/A/CFNetwork
0x00000000019aa000 	/System/Library/Frameworks/SystemConfiguration.framework/Versions/A/SystemConfiguration
0x00000000019aa000 	/usr/lib/libCRFSuite.dylib
0x00000000019aa000 	/usr/lib/libc++.1.dylib
0x00000000019aa000 	/usr/lib/libc++abi.dylib
0x00000000019aa000 	/usr/lib/system/libcache.dylib
0x00000000019aa000 	/usr/lib/system/libcommonCrypto.dylib
0x00000000019aa000 	/usr/lib/system/libcompiler_rt.dylib
0x00000000019aa000 	/usr/lib/system/libcopyfile.dylib
0x00000000019aa000 	/usr/lib/system/libcorecrypto.dylib
0x00000000019aa000 	/usr/lib/system/libdispatch.dylib
0x00000000019aa000 	/usr/lib/system/libdyld.dylib
0x00000000019aa000 	/usr/lib/system/libkeymgr.dylib
0x00000000019aa000 	/usr/lib/system/liblaunch.dylib
0x00000000019aa000 	/usr/lib/system/libmacho.dylib
0x00000000019aa000 	/usr/lib/system/libquarantine.dylib
0x00000000019aa000 	/usr/lib/system/libremovefile.dylib
0x00000000019aa000 	/usr/lib/system/libsystem_asl.dylib
0x00000000019aa000 	/usr/lib/system/libsystem_blocks.dylib
0x00000000019aa000 	/usr/lib/system/libsystem_c.dylib
0x00000000019aa000 	/usr/lib/system/libsystem_configuration.dylib
0x00000000019aa000 	/usr/lib/system/libsystem_coreservices.dylib
0x00000000019aa000 	/usr/lib/system/libsystem_coretls.dylib
0x00000000019aa000 	/usr/lib/system/libsystem_dnssd.dylib
0x00000000019aa000 	/usr/lib/system/libsystem_info.dylib
0x00000000019aa000 	/usr/lib/system/libsystem_kernel.dylib
0x00000000019aa000 	/usr/lib/system/libsystem_m.dylib
0x00000000019aa000 	/usr/lib/system/libsystem_malloc.dylib
0x00000000019aa000 	/usr/lib/system/libsystem_network.dylib
0x00000000019aa000 	/usr/lib/system/libsystem_networkextension.dylib
0x00000000019aa000 	/usr/lib/system/libsystem_notify.dylib
0x00000000019aa000 	/usr/lib/system/libsystem_platform.dylib
0x00000000019aa000 	/usr/lib/system/libsystem_pthread.dylib
0x00000000019aa000 	/usr/lib/system/libsystem_sandbox.dylib
0x00000000019aa000 	/usr/lib/system/libsystem_secinit.dylib
0x00000000019aa000 	/usr/lib/system/libsystem_trace.dylib
0x00000000019aa000 	/usr/lib/system/libunc.dylib
0x00000000019aa000 	/usr/lib/system/libunwind.dylib
0x00000000019aa000 	/usr/lib/system/libxpc.dylib
0x00000000019aa000 	/usr/lib/libenergytrace.dylib
0x00000000019aa000 	/usr/lib/libbsm.0.dylib
0x00000000019aa000 	/usr/lib/system/libkxld.dylib
0x00000000019aa000 	/usr/lib/libxar.1.dylib
0x00000000019aa000 	/usr/lib/libsqlite3.dylib
0x00000000019aa000 	/usr/lib/libpam.2.dylib
0x00000000019aa000 	/usr/lib/libOpenScriptingUtil.dylib
0x00000000019aa000 	/usr/lib/libbz2.1.0.dylib
0x00000000019aa000 	/usr/lib/liblzma.5.dylib
0x00000000019aa000 	/System/Library/Frameworks/CoreServices.framework/Versions/A/Frameworks/FSEvents.framework/Versions/A/FSEvents
0x00000000019aa000 	/System/Library/Frameworks/CoreServices.framework/Versions/A/Frameworks/CarbonCore.framework/Versions/A/CarbonCore
0x00000000019aa000 	/System/Library/Frameworks/CoreServices.framework/Versions/A/Frameworks/Metadata.framework/Versions/A/Metadata
0x00000000019aa000 	/System/Library/Frameworks/CoreServices.framework/Versions/A/Frameworks/OSServices.framework/Versions/A/OSServices
0x00000000019aa000 	/System/Library/Frameworks/CoreServices.framework/Versions/A/Frameworks/SearchKit.framework/Versions/A/SearchKit
0x00000000019aa000 	/System/Library/Frameworks/CoreServices.framework/Versions/A/Frameworks/AE.framework/Versions/A/AE
0x00000000019aa000 	/System/Library/Frameworks/CoreServices.framework/Versions/A/Frameworks/LaunchServices.framework/Versions/A/LaunchServices
0x00000000019aa000 	/System/Library/Frameworks/CoreServices.framework/Versions/A/Frameworks/DictionaryServices.framework/Versions/A/DictionaryServices
0x00000000019aa000 	/System/Library/Frameworks/CoreServices.framework/Versions/A/Frameworks/SharedFileList.framework/Versions/A/SharedFileList
0x00000000019aa000 	/System/Library/Frameworks/NetFS.framework/Versions/A/NetFS
0x00000000019aa000 	/System/Library/PrivateFrameworks/NetAuth.framework/Versions/A/NetAuth
0x00000000019aa000 	/System/Library/PrivateFrameworks/login.framework/Versions/A/Frameworks/loginsupport.framework/Versions/A/loginsupport
0x00000000019aa000 	/System/Library/PrivateFrameworks/TCC.framework/Versions/A/TCC
0x00000000019aa000 	/usr/lib/libmecabra.dylib
0x00000000019aa000 	/System/Library/Frameworks/ApplicationServices.framework/Versions/A/Frameworks/ATS.framework/Versions/A/ATS
0x00000000019aa000 	/System/Library/Frameworks/ApplicationServices.framework/Versions/A/Frameworks/ColorSync.framework/Versions/A/ColorSync
0x00000000019aa000 	/System/Library/Frameworks/ApplicationServices.framework/Versions/A/Frameworks/HIServices.framework/Versions/A/HIServices
0x00000000019aa000 	/System/Library/Frameworks/ApplicationServices.framework/Versions/A/Frameworks/LangAnalysis.framework/Versions/A/LangAnalysis
0x00000000019aa000 	/System/Library/Frameworks/ApplicationServices.framework/Versions/A/Frameworks/PrintCore.framework/Versions/A/PrintCore
0x00000000019aa000 	/System/Library/Frameworks/ApplicationServices.framework/Versions/A/Frameworks/QD.framework/Versions/A/QD
0x00000000019aa000 	/System/Library/Frameworks/ApplicationServices.framework/Versions/A/Frameworks/SpeechSynthesis.framework/Versions/A/SpeechSynthesis
0x00000000019aa000 	/System/Library/Frameworks/Metal.framework/Versions/A/Metal
0x00000000019aa000 	/System/Library/Frameworks/Accelerate.framework/Versions/A/Frameworks/vImage.framework/Versions/A/vImage
0x00000000019aa000 	/System/Library/Frameworks/Accelerate.framework/Versions/A/Frameworks/vecLib.framework/Versions/A/vecLib
0x00000000019aa000 	/System/Library/Frameworks/Accelerate.framework/Versions/A/Frameworks/vecLib.framework/Versions/A/libvDSP.dylib
0x00000000019aa000 	/System/Library/Frameworks/Accelerate.framework/Versions/A/Frameworks/vecLib.framework/Versions/A/libvMisc.dylib
0x00000000019aa000 	/System/Library/Frameworks/Accelerate.framework/Versions/A/Frameworks/vecLib.framework/Versions/A/libLAPACK.dylib
0x00000000019aa000 	/System/Library/Frameworks/Accelerate.framework/Versions/A/Frameworks/vecLib.framework/Versions/A/libBLAS.dylib
0x00000000019aa000 	/System/Library/Frameworks/Accelerate.framework/Versions/A/Frameworks/vecLib.framework/Versions/A/libLinearAlgebra.dylib
0x00000000019aa000 	/System/Library/Frameworks/Accelerate.framework/Versions/A/Frameworks/vecLib.framework/Versions/A/libSparseBLAS.dylib
0x00000000019aa000 	/System/Library/PrivateFrameworks/GPUCompiler.framework/libmetal_timestamp.dylib
0x00000000019aa000 	/System/Library/Frameworks/OpenGL.framework/Versions/A/Libraries/libCoreFSCache.dylib
0x00000000019aa000 	/System/Library/PrivateFrameworks/IOAccelerator.framework/Versions/A/IOAccelerator
0x00000000019aa000 	/System/Library/Frameworks/ApplicationServices.framework/Versions/A/Frameworks/ATS.framework/Versions/A/Resources/libFontParser.dylib
0x00000000019aa000 	/System/Library/Frameworks/ApplicationServices.framework/Versions/A/Frameworks/ATS.framework/Versions/A/Resources/libFontRegistry.dylib
0x00000000019aa000 	/System/Library/PrivateFrameworks/AppleVPA.framework/Versions/A/AppleVPA
0x00000000019aa000 	/System/Library/PrivateFrameworks/AppleJPEG.framework/Versions/A/AppleJPEG
0x00000000019aa000 	/System/Library/Frameworks/ImageIO.framework/Versions/A/Resources/libJPEG.dylib
0x00000000019aa000 	/System/Library/Frameworks/ImageIO.framework/Versions/A/Resources/libTIFF.dylib
0x00000000019aa000 	/System/Library/Frameworks/ImageIO.framework/Versions/A/Resources/libPng.dylib
0x00000000019aa000 	/System/Library/Frameworks/ImageIO.framework/Versions/A/Resources/libGIF.dylib
0x00000000019aa000 	/System/Library/Frameworks/ImageIO.framework/Versions/A/Resources/libJP2.dylib
0x00000000019aa000 	/System/Library/Frameworks/ImageIO.framework/Versions/A/Resources/libRadiance.dylib
0x00000000019aa000 	/System/Library/Frameworks/CoreVideo.framework/Versions/A/CoreVideo
0x00000000019aa000 	/System/Library/Frameworks/OpenGL.framework/Versions/A/Libraries/libGLU.dylib
0x00000000019aa000 	/System/Library/Frameworks/OpenGL.framework/Versions/A/Libraries/libGFXShared.dylib
0x00000000019aa000 	/System/Library/Frameworks/OpenGL.framework/Versions/A/Libraries/libGL.dylib
0x00000000019aa000 	/System/Library/Frameworks/OpenGL.framework/Versions/A/Libraries/libGLImage.dylib
0x00000000019aa000 	/System/Library/Frameworks/OpenGL.framework/Versions/A/Libraries/libCVMSPluginSupport.dylib
0x00000000019aa000 	/System/Library/Frameworks/OpenGL.framework/Versions/A/Libraries/libCoreVMClient.dylib
0x00000000019aa000 	/usr/lib/libcups.2.dylib
0x00000000019aa000 	/System/Library/Frameworks/Kerberos.framework/Versions/A/Kerberos
0x00000000019aa000 	/System/Library/Frameworks/GSS.framework/Versions/A/GSS
0x00000000019aa000 	/usr/lib/libresolv.9.dylib
0x00000000019aa000 	/usr/lib/libiconv.2.dylib
0x00000000019aa000 	/System/Library/PrivateFrameworks/Heimdal.framework/Versions/A/Heimdal
0x00000000019aa000 	/usr/lib/libheimdal-asn1.dylib
0x00000000019aa000 	/System/Library/Frameworks/OpenDirectory.framework/Versions/A/OpenDirectory
0x00000000019aa000 	/System/Library/PrivateFrameworks/CommonAuth.framework/Versions/A/CommonAuth
0x00000000019aa000 	/System/Library/Frameworks/OpenDirectory.framework/Versions/A/Frameworks/CFOpenDirectory.framework/Versions/A/CFOpenDirectory
0x00000000019aa000 	/System/Library/Frameworks/SecurityFoundation.framework/Versions/A/SecurityFoundation
0x00000000019aa000 	/System/Library/PrivateFrameworks/LanguageModeling.framework/Versions/A/LanguageModeling
0x00000000019aa000 	/usr/lib/libmarisa.dylib
0x00000000019aa000 	/usr/lib/libChineseTokenizer.dylib
0x00000000019aa000 	/usr/lib/libcmph.dylib
0x00000000019aa000 	/usr/lib/libcompression.dylib
0x00000000019aa000 	/System/Library/Frameworks/ServiceManagement.framework/Versions/A/ServiceManagement
0x00000000019aa000 	/usr/lib/libxslt.1.dylib
0x00000000019aa000 	/System/Library/Frameworks/Carbon.framework/Versions/A/Frameworks/Ink.framework/Versions/A/Ink
0x00000000019aa000 	/usr/lib/libFosl_dynamic.dylib
0x00000000019aa000 	/System/Library/PrivateFrameworks/FaceCore.framework/Versions/A/FaceCore
0x00000000019aa000 	/System/Library/Frameworks/OpenCL.framework/Versions/A/OpenCL
0x00000000019aa000 	/System/Library/PrivateFrameworks/CrashReporterSupport.framework/Versions/A/CrashReporterSupport
0x00000000019aa000 	/System/Library/PrivateFrameworks/IconServices.framework/Versions/A/IconServices
0x00000000019aa000 	/System/Library/PrivateFrameworks/Apple80211.framework/Versions/A/Apple80211
0x00000000019aa000 	/System/Library/Frameworks/CoreWLAN.framework/Versions/A/CoreWLAN
0x00000000019aa000 	/System/Library/Frameworks/IOBluetooth.framework/Versions/A/IOBluetooth
0x00000000019aa000 	/System/Library/PrivateFrameworks/CoreWiFi.framework/Versions/A/CoreWiFi
0x00000000019aa000 	/System/Library/Frameworks/CoreBluetooth.framework/Versions/A/CoreBluetooth
0x00000000019aa000 	/System/Library/PrivateFrameworks/ChunkingLibrary.framework/Versions/A/ChunkingLibrary
0x00000000019aa000 	/System/Library/PrivateFrameworks/DebugSymbols.framework/Versions/A/DebugSymbols
0x00000000019aa000 	/System/Library/PrivateFrameworks/CoreSymbolication.framework/Versions/A/CoreSymbolication
0x00000000019aa000 	/System/Library/PrivateFrameworks/Symbolication.framework/Versions/A/Symbolication
0x00000000019aa000 	/System/Library/PrivateFrameworks/SpeechRecognitionCore.framework/Versions/A/SpeechRecognitionCore
0x0000000109200000 	/Library/Java/JavaVirtualMachines/jdk1.8.0_60.jdk/Contents/Home/jre/lib/server/libjvm.dylib
0x00000000019aa000 	/usr/lib/libstdc++.6.dylib
0x000000010891a000 	/Library/Java/JavaVirtualMachines/jdk1.8.0_60.jdk/Contents/Home/jre/lib/libverify.dylib
0x0000000108928000 	/Library/Java/JavaVirtualMachines/jdk1.8.0_60.jdk/Contents/Home/jre/lib/libjava.dylib
0x0000000108967000 	/Library/Java/JavaVirtualMachines/jdk1.8.0_60.jdk/Contents/Home/jre/lib/libzip.dylib
0x00000001089e1000 	/System/Library/Frameworks/JavaVM.framework/Frameworks/JavaRuntimeSupport.framework/JavaRuntimeSupport
0x000000011fa7b000 	/System/Library/Frameworks/JavaVM.framework/Versions/A/Frameworks/JavaNativeFoundation.framework/Versions/A/JavaNativeFoundation
0x000000011fa90000 	/System/Library/Frameworks/JavaVM.framework/Versions/A/JavaVM
0x00000000019aa000 	/System/Library/Frameworks/Carbon.framework/Versions/A/Carbon
0x000000011fa9d000 	/System/Library/PrivateFrameworks/JavaLaunching.framework/Versions/A/JavaLaunching
0x00000000019aa000 	/System/Library/Frameworks/Carbon.framework/Versions/A/Frameworks/CommonPanels.framework/Versions/A/CommonPanels
0x00000000019aa000 	/System/Library/Frameworks/Carbon.framework/Versions/A/Frameworks/Help.framework/Versions/A/Help
0x00000000019aa000 	/System/Library/Frameworks/Carbon.framework/Versions/A/Frameworks/ImageCapture.framework/Versions/A/ImageCapture
0x00000000019aa000 	/System/Library/Frameworks/Carbon.framework/Versions/A/Frameworks/OpenScripting.framework/Versions/A/OpenScripting
0x00000000019aa000 	/System/Library/Frameworks/Carbon.framework/Versions/A/Frameworks/Print.framework/Versions/A/Print
0x00000000019aa000 	/System/Library/Frameworks/Carbon.framework/Versions/A/Frameworks/SecurityHI.framework/Versions/A/SecurityHI
0x00000001213e3000 	/Library/Java/JavaVirtualMachines/jdk1.8.0_60.jdk/Contents/Home/jre/lib/libnet.dylib
0x0000000121442000 	/Library/Java/JavaVirtualMachines/jdk1.8.0_60.jdk/Contents/Home/jre/lib/libawt.dylib
0x00000001214ea000 	/Library/Java/JavaVirtualMachines/jdk1.8.0_60.jdk/Contents/Home/jre/lib/./libmlib_image.dylib
0x00000001215b6000 	/Library/Java/JavaVirtualMachines/jdk1.8.0_60.jdk/Contents/Home/jre/lib/libawt_lwawt.dylib
0x000000012166b000 	/Library/Java/JavaVirtualMachines/jdk1.8.0_60.jdk/Contents/Home/jre/lib/./libosxapp.dylib
0x00000000019aa000 	/System/Library/Frameworks/ExceptionHandling.framework/Versions/A/ExceptionHandling
0x00000000019aa000 	/System/Library/PrivateFrameworks/CoreServicesInternal.framework/Versions/A/CoreServicesInternal
0x00000000019aa000 	/System/Library/Frameworks/CoreGraphics.framework/Versions/A/Resources/libRIP.A.dylib
0x00000000019aa000 	/System/Library/Frameworks/Accelerate.framework/Versions/A/Frameworks/vImage.framework/Versions/A/Libraries/libCGInterfaces.dylib
0x00000000019aa000 	/System/Library/Frameworks/CoreGraphics.framework/Versions/A/Resources/libCGXType.A.dylib
0x00000000019aa000 	/System/Library/Frameworks/OpenCL.framework/Versions/A/Libraries/libcldcpuengine.dylib
0x00000000019aa000 	/System/Library/PrivateFrameworks/DiskImages.framework/Versions/A/DiskImages
0x00000000019aa000 	/System/Library/Frameworks/DiscRecording.framework/Versions/A/DiscRecording
0x00000000019aa000 	/usr/lib/libcsfde.dylib
0x00000000019aa000 	/usr/lib/libcurl.4.dylib
0x00000000019aa000 	/System/Library/PrivateFrameworks/MediaKit.framework/Versions/A/MediaKit
0x00000000019aa000 	/System/Library/PrivateFrameworks/ProtectedCloudStorage.framework/Versions/A/ProtectedCloudStorage
0x00000000019aa000 	/usr/lib/libCoreStorage.dylib
0x00000000019aa000 	/System/Library/PrivateFrameworks/EFILogin.framework/Versions/A/EFILogin
0x00000000019aa000 	/usr/lib/libutil.dylib
0x00000000019aa000 	/System/Library/PrivateFrameworks/FindMyDevice.framework/Versions/A/FindMyDevice
0x00000000019aa000 	/System/Library/Frameworks/LDAP.framework/Versions/A/LDAP
0x00000000019aa000 	/usr/lib/libsasl2.2.dylib
0x00000000019aa000 	/System/Library/PrivateFrameworks/CoreDaemon.framework/Versions/B/CoreDaemon
0x00000000019aa000 	/usr/lib/libcrypto.0.9.8.dylib
0x00000000019aa000 	/System/Library/PrivateFrameworks/AppleSRP.framework/Versions/A/AppleSRP
0x00000000019aa000 	/System/Library/PrivateFrameworks/TrustEvaluationAgent.framework/Versions/A/TrustEvaluationAgent
0x0000000122e69000 	cl_kernels
0x00000000019aa000 	/System/Library/Frameworks/OpenCL.framework/Versions/A/Libraries/ImageFormats/unorm8_bgra.dylib
0x00000000019aa000 	/System/Library/Frameworks/OpenCL.framework/Versions/A/Libraries/ImageFormats/unorm8_rgba.dylib
0x00000000019aa000 	/System/Library/PrivateFrameworks/FamilyControls.framework/Versions/A/FamilyControls
0x00000000019aa000 	/System/Library/PrivateFrameworks/CommerceKit.framework/Versions/A/Frameworks/CommerceCore.framework/Versions/A/CommerceCore
0x00000000019aa000 	/System/Library/PrivateFrameworks/SystemAdministration.framework/Versions/A/SystemAdministration
0x00000000019aa000 	/System/Library/PrivateFrameworks/AppContainer.framework/Versions/A/AppContainer
0x00000000019aa000 	/System/Library/PrivateFrameworks/SecCodeWrapper.framework/Versions/A/SecCodeWrapper
0x00000000019aa000 	/System/Library/Frameworks/DirectoryService.framework/Versions/A/DirectoryService
0x00000000019aa000 	/System/Library/PrivateFrameworks/LoginUIKit.framework/Versions/A/Frameworks/LoginUICore.framework/Versions/A/LoginUICore
0x00000000019aa000 	/usr/lib/libodfde.dylib
0x0000000123e83000 	/Library/Java/JavaVirtualMachines/jdk1.8.0_60.jdk/Contents/Home/jre/lib/libfontmanager.dylib
0x0000000123eea000 	/Users/Emil/Documents/Emil/School/Programming of complex software/group311-client/native/liblwjgl.dylib
0x0000000122340000 	/Library/Java/JavaVirtualMachines/jdk1.8.0_60.jdk/Contents/Home/jre/lib/libjawt.dylib
0x00000000019aa000 	/System/Library/Frameworks/OpenGL.framework/Versions/A/Resources/GLEngine.bundle/GLEngine
0x00000000019aa000 	/System/Library/Frameworks/OpenGL.framework/Versions/A/Libraries/libGLProgrammability.dylib
0x0000000123f6c000 	/System/Library/Extensions/AppleIntelHD4000GraphicsGLDriver.bundle/Contents/MacOS/AppleIntelHD4000GraphicsGLDriver
0x00000000019aa000 	/System/Library/PrivateFrameworks/GPUSupport.framework/Versions/A/Libraries/libGPUSupportMercury.dylib
0x00000000019aa000 	/System/Library/Frameworks/OpenGL.framework/Versions/A/Resources/GLRendererFloat.bundle/GLRendererFloat
0x00000001255a2000 	/Users/Emil/Documents/Emil/School/Programming of complex software/group311-client/native/libjinput-osx.dylib
0x00000001255a7000 	/System/Library/Extensions/IOHIDFamily.kext/Contents/PlugIns/IOHIDLib.plugin/Contents/MacOS/IOHIDLib
0x00000001255de000 	/Library/Java/JavaVirtualMachines/jdk1.8.0_60.jdk/Contents/Home/jre/lib/libnio.dylib
0x00000001255f2000 	/Library/Java/JavaVirtualMachines/jdk1.8.0_60.jdk/Contents/Home/jre/lib/libjpeg.dylib
0x0000000125632000 	/Library/Java/JavaVirtualMachines/jdk1.8.0_60.jdk/Contents/Home/jre/lib/liblcms.dylib

VM Arguments:
jvm_args: -Djava.library.path=/Users/Emil/Documents/Emil/School/Programming of complex software/group311-client/native -Dfile.encoding=UTF-8 
java_command: SimpleSlickGame
java_class_path (initial): /Users/Emil/Documents/Emil/School/Programming of complex software/group311-client/bin:/Users/Emil/Documents/Emil/School/Programming of complex software/group311-client/lib/ibxm.jar:/Users/Emil/Documents/Emil/School/Programming of complex software/group311-client/lib/jinput.jar:/Users/Emil/Documents/Emil/School/Programming of complex software/group311-client/lib/jogg-0.0.7.jar:/Users/Emil/Documents/Emil/School/Programming of complex software/group311-client/lib/jorbis-0.0.15.jar:/Users/Emil/Documents/Emil/School/Programming of complex software/group311-client/lib/lwjgl_util.jar:/Users/Emil/Documents/Emil/School/Programming of complex software/group311-client/lib/lwjgl.jar:/Users/Emil/Documents/Emil/School/Programming of complex software/group311-client/lib/slick.jar:/Users/Emil/Documents/Emil/School/Programming of complex software/group311-client/lib/tinylinepp.jar:/Users/Emil/Documents/Emil/School/Programming of complex software/group311-client/JavaJars/gson-2.4-javadoc.jar:/Users/Emil/Documents/Emil/School/Programming of complex software/group311-client/JavaJars/gson-2.4.jar
Launcher Type: SUN_STANDARD

Environment Variables:
PATH=/usr/bin:/bin:/usr/sbin:/sbin
SHELL=/bin/bash

Signal Handlers:
SIGSEGV: [libjvm.dylib+0x5a6d31], sa_mask[0]=11111111011111110111111111111111, sa_flags=SA_ONSTACK|SA_RESTART|SA_SIGINFO
SIGBUS: [libjvm.dylib+0x5a6d31], sa_mask[0]=11111111011111110111111111111111, sa_flags=SA_RESTART|SA_SIGINFO
SIGFPE: [libjvm.dylib+0x480a4c], sa_mask[0]=11111111011111110111111111111111, sa_flags=SA_RESTART|SA_SIGINFO
SIGPIPE: [libjvm.dylib+0x480a4c], sa_mask[0]=11111111011111110111111111111111, sa_flags=SA_RESTART|SA_SIGINFO
SIGXFSZ: [libjvm.dylib+0x480a4c], sa_mask[0]=11111111011111110111111111111111, sa_flags=SA_RESTART|SA_SIGINFO
SIGILL: [libjvm.dylib+0x480a4c], sa_mask[0]=11111111011111110111111111111111, sa_flags=SA_RESTART|SA_SIGINFO
SIGUSR1: SIG_DFL, sa_mask[0]=00000000000000000000000000000000, sa_flags=none
SIGUSR2: [libjvm.dylib+0x48056a], sa_mask[0]=00100000000000000000000000000000, sa_flags=SA_RESTART|SA_SIGINFO
SIGHUP: [libjvm.dylib+0x47eb41], sa_mask[0]=11111111011111110111111111111111, sa_flags=SA_RESTART|SA_SIGINFO
SIGINT: [libjvm.dylib+0x47eb41], sa_mask[0]=11111111011111110111111111111111, sa_flags=SA_RESTART|SA_SIGINFO
SIGTERM: [libjvm.dylib+0x47eb41], sa_mask[0]=11111111011111110111111111111111, sa_flags=SA_RESTART|SA_SIGINFO
SIGQUIT: [libjvm.dylib+0x47eb41], sa_mask[0]=11111111011111110111111111111111, sa_flags=SA_RESTART|SA_SIGINFO


---------------  S Y S T E M  ---------------

OS:Bsduname:Darwin 15.0.0 Darwin Kernel Version 15.0.0: Sat Sep 19 15:53:46 PDT 2015; root:xnu-3247.10.11~1/RELEASE_X86_64 x86_64
rlimit: STACK 8192k, CORE 0k, NPROC 709, NOFILE 10240, AS infinity
load average:1.81 1.76 1.75

CPU:total 4 (2 cores per cpu, 2 threads per core) family 6 model 58 stepping 9, cmov, cx8, fxsr, mmx, sse, sse2, sse3, ssse3, sse4.1, sse4.2, popcnt, avx, aes, clmul, erms, ht, tsc, tscinvbit, tscinv

Memory: 4k page, physical 8388608k(54100k free)

/proc/meminfo:


vm_info: Java HotSpot(TM) 64-Bit Server VM (25.60-b23) for bsd-amd64 JRE (1.8.0_60-b27), built on Aug  4 2015 10:47:24 by "java_re" with gcc 4.2.1 (Based on Apple Inc. build 5658) (LLVM build 2336.11.00)

time: Thu Dec  3 16:15:59 2015
elapsed time: 32 seconds (0d 0h 0m 32s)

